<?xml version="1.0" encoding="UTF-8" ?>
<testsuite failures="0" time="0.339" errors="0" skipped="0" tests="8" name="at.ac.tuwien.photohawk.evaluation.operation.MSEMetricTest">
  <properties>
    <property name="java.runtime.name" value="Java(TM) SE Runtime Environment"/>
    <property name="sun.boot.library.path" value="/usr/lib/jvm/java-7-oracle/jre/lib/amd64"/>
    <property name="java.vm.version" value="23.25-b01"/>
    <property name="java.vm.vendor" value="Oracle Corporation"/>
    <property name="java.vendor.url" value="http://java.oracle.com/"/>
    <property name="path.separator" value=":"/>
    <property name="java.vm.name" value="Java HotSpot(TM) 64-Bit Server VM"/>
    <property name="file.encoding.pkg" value="sun.io"/>
    <property name="user.country" value="US"/>
    <property name="sun.java.launcher" value="SUN_STANDARD"/>
    <property name="sun.os.patch.level" value="unknown"/>
    <property name="java.vm.specification.name" value="Java Virtual Machine Specification"/>
    <property name="user.dir" value="/home/plangg/Entwicklung/Photohawk/photohawk/photohawk-image-evaluator"/>
    <property name="java.runtime.version" value="1.7.0_25-b15"/>
    <property name="java.awt.graphicsenv" value="sun.awt.X11GraphicsEnvironment"/>
    <property name="basedir" value="/home/plangg/Entwicklung/Photohawk/photohawk/photohawk-image-evaluator"/>
    <property name="java.endorsed.dirs" value="/usr/lib/jvm/java-7-oracle/jre/lib/endorsed"/>
    <property name="os.arch" value="amd64"/>
    <property name="surefire.real.class.path" value="/home/plangg/Entwicklung/Photohawk/photohawk/photohawk-image-evaluator/target/surefire/surefirebooter7858596959627122783.jar"/>
    <property name="java.io.tmpdir" value="/tmp"/>
    <property name="line.separator" value="
"/>
    <property name="java.vm.specification.vendor" value="Oracle Corporation"/>
    <property name="os.name" value="Linux"/>
    <property name="sun.jnu.encoding" value="UTF-8"/>
    <property name="java.library.path" value="/usr/java/packages/lib/amd64:/usr/lib64:/lib64:/lib:/usr/lib"/>
    <property name="surefire.test.class.path" value="/home/plangg/Entwicklung/Photohawk/photohawk/photohawk-image-evaluator/target/test-classes:/home/plangg/Entwicklung/Photohawk/photohawk/photohawk-image-evaluator/target/classes:/home/plangg/.m2/repository/org/apache/logging/log4j/log4j-api/2.0-beta8/log4j-api-2.0-beta8.jar:/home/plangg/.m2/repository/org/apache/logging/log4j/log4j-core/2.0-beta8/log4j-core-2.0-beta8.jar:/home/plangg/.m2/repository/junit/junit/4.11/junit-4.11.jar:/home/plangg/.m2/repository/org/hamcrest/hamcrest-core/1.3/hamcrest-core-1.3.jar:/home/plangg/.m2/repository/org/mockito/mockito-all/1.9.5/mockito-all-1.9.5.jar:"/>
    <property name="java.specification.name" value="Java Platform API Specification"/>
    <property name="java.class.version" value="51.0"/>
    <property name="sun.management.compiler" value="HotSpot 64-Bit Tiered Compilers"/>
    <property name="os.version" value="3.8.0-27-generic"/>
    <property name="user.home" value="/home/plangg"/>
    <property name="user.timezone" value=""/>
    <property name="java.awt.printerjob" value="sun.print.PSPrinterJob"/>
    <property name="file.encoding" value="UTF-8"/>
    <property name="java.specification.version" value="1.7"/>
    <property name="user.name" value="plangg"/>
    <property name="java.class.path" value="/home/plangg/Entwicklung/Photohawk/photohawk/photohawk-image-evaluator/target/test-classes:/home/plangg/Entwicklung/Photohawk/photohawk/photohawk-image-evaluator/target/classes:/home/plangg/.m2/repository/org/apache/logging/log4j/log4j-api/2.0-beta8/log4j-api-2.0-beta8.jar:/home/plangg/.m2/repository/org/apache/logging/log4j/log4j-core/2.0-beta8/log4j-core-2.0-beta8.jar:/home/plangg/.m2/repository/junit/junit/4.11/junit-4.11.jar:/home/plangg/.m2/repository/org/hamcrest/hamcrest-core/1.3/hamcrest-core-1.3.jar:/home/plangg/.m2/repository/org/mockito/mockito-all/1.9.5/mockito-all-1.9.5.jar:"/>
    <property name="java.vm.specification.version" value="1.7"/>
    <property name="sun.arch.data.model" value="64"/>
    <property name="java.home" value="/usr/lib/jvm/java-7-oracle/jre"/>
    <property name="sun.java.command" value="/home/plangg/Entwicklung/Photohawk/photohawk/photohawk-image-evaluator/target/surefire/surefirebooter7858596959627122783.jar /home/plangg/Entwicklung/Photohawk/photohawk/photohawk-image-evaluator/target/surefire/surefire554859342917772978tmp /home/plangg/Entwicklung/Photohawk/photohawk/photohawk-image-evaluator/target/surefire/surefire7910220339539989414tmp"/>
    <property name="java.specification.vendor" value="Oracle Corporation"/>
    <property name="user.language" value="en"/>
    <property name="awt.toolkit" value="sun.awt.X11.XToolkit"/>
    <property name="java.vm.info" value="mixed mode"/>
    <property name="java.version" value="1.7.0_25"/>
    <property name="java.ext.dirs" value="/usr/lib/jvm/java-7-oracle/jre/lib/ext:/usr/java/packages/lib/ext"/>
    <property name="sun.boot.class.path" value="/usr/lib/jvm/java-7-oracle/jre/lib/resources.jar:/usr/lib/jvm/java-7-oracle/jre/lib/rt.jar:/usr/lib/jvm/java-7-oracle/jre/lib/sunrsasign.jar:/usr/lib/jvm/java-7-oracle/jre/lib/jsse.jar:/usr/lib/jvm/java-7-oracle/jre/lib/jce.jar:/usr/lib/jvm/java-7-oracle/jre/lib/charsets.jar:/usr/lib/jvm/java-7-oracle/jre/lib/jfr.jar:/usr/lib/jvm/java-7-oracle/jre/classes"/>
    <property name="java.vendor" value="Oracle Corporation"/>
    <property name="localRepository" value="/home/plangg/.m2/repository"/>
    <property name="file.separator" value="/"/>
    <property name="java.vendor.url.bug" value="http://bugreport.sun.com/bugreport/"/>
    <property name="sun.cpu.endian" value="little"/>
    <property name="sun.io.unicode.encoding" value="UnicodeLittle"/>
    <property name="sun.desktop" value="gnome"/>
    <property name="sun.cpu.isalist" value=""/>
  </properties>
  <testcase time="0.178" classname="at.ac.tuwien.photohawk.evaluation.operation.MSEMetricTest" name="executeTest_notEqual_zeroPattern_onePattern"/>
  <testcase time="0.018" classname="at.ac.tuwien.photohawk.evaluation.operation.MSEMetricTest" name="executeTest_notEqual_zeroPattern_twoPattern"/>
  <testcase time="0.011" classname="at.ac.tuwien.photohawk.evaluation.operation.MSEMetricTest" name="executeTest_equal_zeroPattern"/>
  <testcase time="0.015" classname="at.ac.tuwien.photohawk.evaluation.operation.MSEMetricTest" name="executeTest_notEqual_zeroPattern_top2OnePattern"/>
  <testcase time="0.01" classname="at.ac.tuwien.photohawk.evaluation.operation.MSEMetricTest" name="executeTest_equal_onePattern"/>
  <testcase time="0.012" classname="at.ac.tuwien.photohawk.evaluation.operation.MSEMetricTest" name="executeTest_notEqual_fourPattern_fivePattern"/>
  <testcase time="0.01" classname="at.ac.tuwien.photohawk.evaluation.operation.MSEMetricTest" name="executeTest_notEqual_zeroPattern_diagonalOnePattern"/>
  <testcase time="0.01" classname="at.ac.tuwien.photohawk.evaluation.operation.MSEMetricTest" name="executeTest_notEqual_diagonalOnePattern1_diagonalOnePattern2"/>
</testsuite>